0 info it worked if it ends with ok
1 verbose cli [ 'C:\\Program Files\\nodejs\\\\node.exe',
1 verbose cli   'C:\\Program Files\\nodejs\\node_modules\\npm\\bin\\npm-cli.js',
1 verbose cli   'faq' ]
2 info using npm@1.3.2
3 info using node@v0.10.13
4 verbose node symlink C:\Program Files\nodejs\\node.exe
5 error Error: spawn ENOENT
5 error     at errnoException (child_process.js:980:11)
5 error     at Process.ChildProcess._handle.onexit (child_process.js:771:34)
6 error If you need help, you may report this log at:
6 error     <http://github.com/isaacs/npm/issues>
6 error or email it to:
6 error     <npm-@googlegroups.com>
7 error System Windows_NT 6.2.9200
8 error command "C:\\Program Files\\nodejs\\\\node.exe" "C:\\Program Files\\nodejs\\node_modules\\npm\\bin\\npm-cli.js" "faq"
9 error cwd C:\xampp\htdocs\pettails\pettails
10 error node -v v0.10.13
11 error npm -v 1.3.2
12 error syscall spawn
13 error code ENOENT
14 error errno ENOENT
15 verbose exit [ 1, true ]
